<?xml version="1.0" encoding="UTF-8"?>
<coverage generated="1694366037701" clover="3.2.0">
  <project timestamp="1694366037701" name="All files">
    <metrics statements="3" coveredstatements="3" conditionals="4" coveredconditionals="4" methods="2" coveredmethods="2" elements="9" coveredelements="9" complexity="0" loc="3" ncloc="3" packages="1" files="1" classes="1"/>
    <file name="host.ts" path="/Users/Eddie/Desktop/coding-tasks/Jest Practice/host.ts">
      <metrics statements="3" coveredstatements="3" conditionals="4" coveredconditionals="4" methods="2" coveredmethods="2"/>
      <line num="3" count="2" type="cond" truecount="2" falsecount="0"/>
      <line num="7" count="2" type="cond" truecount="2" falsecount="0"/>
      <line num="11" count="1" type="stmt"/>
    </file>
  </project>
</coverage>
