{"/Users/Eddie/Desktop/coding-tasks/Jest Practice/host.ts": {"path":"/Users/Eddie/Desktop/coding-tasks/Jest Practice/host.ts","statementMap":{"0":{"start":{"line":3,"column":8},"end":{"line":3,"column":null}},"1":{"start":{"line":7,"column":8},"end":{"line":7,"column":null}},"2":{"start":{"line":11,"column":0},"end":{"line":11,"column":null}}},"fnMap":{"0":{"name":"(anonymous_0)","decl":{"start":{"line":2,"column":4},"end":{"line":2,"column":9}},"loc":{"start":{"line":2,"column":20},"end":{"line":4,"column":5}}},"1":{"name":"(anonymous_1)","decl":{"start":{"line":6,"column":4},"end":{"line":6,"column":12}},"loc":{"start":{"line":6,"column":23},"end":{"line":8,"column":5}}}},"branchMap":{"0":{"loc":{"start":{"line":3,"column":15},"end":{"line":3,"column":57}},"type":"cond-expr","locations":[{"start":{"line":3,"column":22},"end":{"line":3,"column":37}},{"start":{"line":3,"column":41},"end":{"line":3,"column":57}}]},"1":{"loc":{"start":{"line":7,"column":15},"end":{"line":7,"column":61}},"type":"cond-expr","locations":[{"start":{"line":7,"column":22},"end":{"line":7,"column":39}},{"start":{"line":7,"column":43},"end":{"line":7,"column":61}}]}},"s":{"0":2,"1":2,"2":1},"f":{"0":2,"1":2},"b":{"0":[1,1],"1":[1,1]}}
}
